08-Nov-2024 08:50:49.088 信息 [main] org.apache.catalina.startup.VersionLoggerListener.log Server.服务器版本: Apache Tomcat/9.0.93
08-Nov-2024 08:50:49.092 信息 [main] org.apache.catalina.startup.VersionLoggerListener.log 服务器构建:        Aug 2 2024 21:24:59 UTC
08-Nov-2024 08:50:49.093 信息 [main] org.apache.catalina.startup.VersionLoggerListener.log 服务器版本号:      9.0.93.0
08-Nov-2024 08:50:49.093 信息 [main] org.apache.catalina.startup.VersionLoggerListener.log 操作系统名称:      Windows 11
08-Nov-2024 08:50:49.093 信息 [main] org.apache.catalina.startup.VersionLoggerListener.log OS.版本:           10.0
08-Nov-2024 08:50:49.093 信息 [main] org.apache.catalina.startup.VersionLoggerListener.log 架构:              amd64
08-Nov-2024 08:50:49.093 信息 [main] org.apache.catalina.startup.VersionLoggerListener.log Java 环境变量:     C:\Program Files\Java\jdk-21.0.5
08-Nov-2024 08:50:49.093 信息 [main] org.apache.catalina.startup.VersionLoggerListener.log Java虚拟机版本:    21.0.5-JGH+18
08-Nov-2024 08:50:49.093 信息 [main] org.apache.catalina.startup.VersionLoggerListener.log JVM.供应商:        Oracle Corporation
08-Nov-2024 08:50:49.093 信息 [main] org.apache.catalina.startup.VersionLoggerListener.log CATALINA_BASE:     D:\Learning_Notes\Note\2_Java基础与Web知识\JavaWeb\apache-tomcat-9.0.93-windows-x64\apache-tomcat-9.0.93
08-Nov-2024 08:50:49.094 信息 [main] org.apache.catalina.startup.VersionLoggerListener.log CATALINA_HOME:     D:\Learning_Notes\Note\2_Java基础与Web知识\JavaWeb\apache-tomcat-9.0.93-windows-x64\apache-tomcat-9.0.93
08-Nov-2024 08:50:49.106 信息 [main] org.apache.catalina.startup.VersionLoggerListener.log 命令行参数：       --add-opens=java.base/java.lang=ALL-UNNAMED
08-Nov-2024 08:50:49.106 信息 [main] org.apache.catalina.startup.VersionLoggerListener.log 命令行参数：       --add-opens=java.base/java.io=ALL-UNNAMED
08-Nov-2024 08:50:49.107 信息 [main] org.apache.catalina.startup.VersionLoggerListener.log 命令行参数：       --add-opens=java.base/java.util=ALL-UNNAMED
08-Nov-2024 08:50:49.107 信息 [main] org.apache.catalina.startup.VersionLoggerListener.log 命令行参数：       --add-opens=java.base/java.util.concurrent=ALL-UNNAMED
08-Nov-2024 08:50:49.107 信息 [main] org.apache.catalina.startup.VersionLoggerListener.log 命令行参数：       --add-opens=java.rmi/sun.rmi.transport=ALL-UNNAMED
08-Nov-2024 08:50:49.107 信息 [main] org.apache.catalina.startup.VersionLoggerListener.log 命令行参数：       -Djava.util.logging.config.file=D:\Learning_Notes\Note\2_Java基础与Web知识\JavaWeb\apache-tomcat-9.0.93-windows-x64\apache-tomcat-9.0.93\conf\logging.properties
08-Nov-2024 08:50:49.107 信息 [main] org.apache.catalina.startup.VersionLoggerListener.log 命令行参数：       -Djava.util.logging.manager=org.apache.juli.ClassLoaderLogManager
08-Nov-2024 08:50:49.107 信息 [main] org.apache.catalina.startup.VersionLoggerListener.log 命令行参数：       -Djdk.tls.ephemeralDHKeySize=2048
08-Nov-2024 08:50:49.108 信息 [main] org.apache.catalina.startup.VersionLoggerListener.log 命令行参数：       -Djava.protocol.handler.pkgs=org.apache.catalina.webresources
08-Nov-2024 08:50:49.108 信息 [main] org.apache.catalina.startup.VersionLoggerListener.log 命令行参数：       -Dignore.endorsed.dirs=
08-Nov-2024 08:50:49.108 信息 [main] org.apache.catalina.startup.VersionLoggerListener.log 命令行参数：       -Dcatalina.base=D:\Learning_Notes\Note\2_Java基础与Web知识\JavaWeb\apache-tomcat-9.0.93-windows-x64\apache-tomcat-9.0.93
08-Nov-2024 08:50:49.108 信息 [main] org.apache.catalina.startup.VersionLoggerListener.log 命令行参数：       -Dcatalina.home=D:\Learning_Notes\Note\2_Java基础与Web知识\JavaWeb\apache-tomcat-9.0.93-windows-x64\apache-tomcat-9.0.93
08-Nov-2024 08:50:49.108 信息 [main] org.apache.catalina.startup.VersionLoggerListener.log 命令行参数：       -Djava.io.tmpdir=D:\Learning_Notes\Note\2_Java基础与Web知识\JavaWeb\apache-tomcat-9.0.93-windows-x64\apache-tomcat-9.0.93\temp
08-Nov-2024 08:50:49.112 信息 [main] org.apache.catalina.core.AprLifecycleListener.lifecycleEvent 使用APR版本[1.7.4]加载了基于APR的Apache Tomcat本机库[1.3.1]。
08-Nov-2024 08:50:49.112 信息 [main] org.apache.catalina.core.AprLifecycleListener.lifecycleEvent APR功能：IPv6[true]、sendfile[true]、accept filters[false]、random[true]、UDS [true]。
08-Nov-2024 08:50:49.112 信息 [main] org.apache.catalina.core.AprLifecycleListener.lifecycleEvent APR/OpenSSL配置：useAprConnector[false]，useOpenSSL[true]
08-Nov-2024 08:50:49.117 信息 [main] org.apache.catalina.core.AprLifecycleListener.initializeSSL OpenSSL成功初始化 [OpenSSL 3.0.14 4 Jun 2024]
08-Nov-2024 08:50:49.379 信息 [main] org.apache.coyote.AbstractProtocol.init 初始化协议处理器 ["http-nio-8080"]
08-Nov-2024 08:50:49.403 信息 [main] org.apache.catalina.startup.Catalina.load 服务器在[514]毫秒内初始化
08-Nov-2024 08:50:49.467 信息 [main] org.apache.catalina.core.StandardService.startInternal 正在启动服务[Catalina]
08-Nov-2024 08:50:49.467 信息 [main] org.apache.catalina.core.StandardEngine.startInternal 正在启动 Servlet 引擎：[Apache Tomcat/9.0.93]
08-Nov-2024 08:50:49.474 信息 [main] org.apache.catalina.startup.HostConfig.deployDirectory 把web 应用程序部署到目录 [D:\Learning_Notes\Note\2_Java基础与Web知识\JavaWeb\apache-tomcat-9.0.93-windows-x64\apache-tomcat-9.0.93\webapps\docs]
08-Nov-2024 08:50:49.774 信息 [main] org.apache.jasper.servlet.TldScanner.scanJars 至少有一个JAR被扫描用于TLD但尚未包含TLD。 为此记录器启用调试日志记录，以获取已扫描但未在其中找到TLD的完整JAR列表。 在扫描期间跳过不需要的JAR可以缩短启动时间和JSP编译时间。
08-Nov-2024 08:50:49.824 信息 [main] org.apache.catalina.startup.HostConfig.deployDirectory Web应用程序目录[D:\Learning_Notes\Note\2_Java基础与Web知识\JavaWeb\apache-tomcat-9.0.93-windows-x64\apache-tomcat-9.0.93\webapps\docs]的部署已在[346]毫秒内完成
08-Nov-2024 08:50:49.825 信息 [main] org.apache.catalina.startup.HostConfig.deployDirectory 把web 应用程序部署到目录 [D:\Learning_Notes\Note\2_Java基础与Web知识\JavaWeb\apache-tomcat-9.0.93-windows-x64\apache-tomcat-9.0.93\webapps\examples]
08-Nov-2024 08:50:50.323 信息 [main] org.apache.jasper.servlet.TldScanner.scanJars 至少有一个JAR被扫描用于TLD但尚未包含TLD。 为此记录器启用调试日志记录，以获取已扫描但未在其中找到TLD的完整JAR列表。 在扫描期间跳过不需要的JAR可以缩短启动时间和JSP编译时间。
08-Nov-2024 08:50:50.377 信息 [main] org.apache.catalina.startup.HostConfig.deployDirectory Web应用程序目录[D:\Learning_Notes\Note\2_Java基础与Web知识\JavaWeb\apache-tomcat-9.0.93-windows-x64\apache-tomcat-9.0.93\webapps\examples]的部署已在[552]毫秒内完成
08-Nov-2024 08:50:50.377 信息 [main] org.apache.catalina.startup.HostConfig.deployDirectory 把web 应用程序部署到目录 [D:\Learning_Notes\Note\2_Java基础与Web知识\JavaWeb\apache-tomcat-9.0.93-windows-x64\apache-tomcat-9.0.93\webapps\host-manager]
08-Nov-2024 08:50:50.416 信息 [main] org.apache.jasper.servlet.TldScanner.scanJars 至少有一个JAR被扫描用于TLD但尚未包含TLD。 为此记录器启用调试日志记录，以获取已扫描但未在其中找到TLD的完整JAR列表。 在扫描期间跳过不需要的JAR可以缩短启动时间和JSP编译时间。
08-Nov-2024 08:50:50.422 信息 [main] org.apache.catalina.startup.HostConfig.deployDirectory Web应用程序目录[D:\Learning_Notes\Note\2_Java基础与Web知识\JavaWeb\apache-tomcat-9.0.93-windows-x64\apache-tomcat-9.0.93\webapps\host-manager]的部署已在[45]毫秒内完成
08-Nov-2024 08:50:50.423 信息 [main] org.apache.catalina.startup.HostConfig.deployDirectory 把web 应用程序部署到目录 [D:\Learning_Notes\Note\2_Java基础与Web知识\JavaWeb\apache-tomcat-9.0.93-windows-x64\apache-tomcat-9.0.93\webapps\manager]
08-Nov-2024 08:50:50.461 信息 [main] org.apache.jasper.servlet.TldScanner.scanJars 至少有一个JAR被扫描用于TLD但尚未包含TLD。 为此记录器启用调试日志记录，以获取已扫描但未在其中找到TLD的完整JAR列表。 在扫描期间跳过不需要的JAR可以缩短启动时间和JSP编译时间。
08-Nov-2024 08:50:50.464 信息 [main] org.apache.catalina.startup.HostConfig.deployDirectory Web应用程序目录[D:\Learning_Notes\Note\2_Java基础与Web知识\JavaWeb\apache-tomcat-9.0.93-windows-x64\apache-tomcat-9.0.93\webapps\manager]的部署已在[41]毫秒内完成
08-Nov-2024 08:50:50.465 信息 [main] org.apache.catalina.startup.HostConfig.deployDirectory 把web 应用程序部署到目录 [D:\Learning_Notes\Note\2_Java基础与Web知识\JavaWeb\apache-tomcat-9.0.93-windows-x64\apache-tomcat-9.0.93\webapps\ROOT]
08-Nov-2024 08:50:50.493 信息 [main] org.apache.jasper.servlet.TldScanner.scanJars 至少有一个JAR被扫描用于TLD但尚未包含TLD。 为此记录器启用调试日志记录，以获取已扫描但未在其中找到TLD的完整JAR列表。 在扫描期间跳过不需要的JAR可以缩短启动时间和JSP编译时间。
08-Nov-2024 08:50:50.495 信息 [main] org.apache.catalina.startup.HostConfig.deployDirectory Web应用程序目录[D:\Learning_Notes\Note\2_Java基础与Web知识\JavaWeb\apache-tomcat-9.0.93-windows-x64\apache-tomcat-9.0.93\webapps\ROOT]的部署已在[30]毫秒内完成
08-Nov-2024 08:50:50.496 信息 [main] org.apache.catalina.startup.HostConfig.deployDirectory 把web 应用程序部署到目录 [D:\Learning_Notes\Note\2_Java基础与Web知识\JavaWeb\apache-tomcat-9.0.93-windows-x64\apache-tomcat-9.0.93\webapps\ServletDemo]
08-Nov-2024 08:50:50.524 信息 [main] org.apache.jasper.servlet.TldScanner.scanJars 至少有一个JAR被扫描用于TLD但尚未包含TLD。 为此记录器启用调试日志记录，以获取已扫描但未在其中找到TLD的完整JAR列表。 在扫描期间跳过不需要的JAR可以缩短启动时间和JSP编译时间。
08-Nov-2024 08:50:50.531 信息 [main] org.apache.catalina.startup.HostConfig.deployDirectory Web应用程序目录[D:\Learning_Notes\Note\2_Java基础与Web知识\JavaWeb\apache-tomcat-9.0.93-windows-x64\apache-tomcat-9.0.93\webapps\ServletDemo]的部署已在[35]毫秒内完成
08-Nov-2024 08:50:50.538 信息 [main] org.apache.coyote.AbstractProtocol.start 开始协议处理句柄["http-nio-8080"]
08-Nov-2024 08:50:50.561 信息 [main] org.apache.catalina.startup.Catalina.start [1157]毫秒后服务器启动
08-Nov-2024 08:52:12.701 信息 [main] org.apache.catalina.startup.VersionLoggerListener.log Server.服务器版本: Apache Tomcat/9.0.93
08-Nov-2024 08:52:12.704 信息 [main] org.apache.catalina.startup.VersionLoggerListener.log 服务器构建:        Aug 2 2024 21:24:59 UTC
08-Nov-2024 08:52:12.705 信息 [main] org.apache.catalina.startup.VersionLoggerListener.log 服务器版本号:      9.0.93.0
08-Nov-2024 08:52:12.705 信息 [main] org.apache.catalina.startup.VersionLoggerListener.log 操作系统名称:      Windows 11
08-Nov-2024 08:52:12.705 信息 [main] org.apache.catalina.startup.VersionLoggerListener.log OS.版本:           10.0
08-Nov-2024 08:52:12.705 信息 [main] org.apache.catalina.startup.VersionLoggerListener.log 架构:              amd64
08-Nov-2024 08:52:12.705 信息 [main] org.apache.catalina.startup.VersionLoggerListener.log Java 环境变量:     C:\Program Files\Java\jdk-21.0.5
08-Nov-2024 08:52:12.705 信息 [main] org.apache.catalina.startup.VersionLoggerListener.log Java虚拟机版本:    21.0.5-JGH+18
08-Nov-2024 08:52:12.705 信息 [main] org.apache.catalina.startup.VersionLoggerListener.log JVM.供应商:        Oracle Corporation
08-Nov-2024 08:52:12.705 信息 [main] org.apache.catalina.startup.VersionLoggerListener.log CATALINA_BASE:     D:\Learning_Notes\Note\2_Java基础与Web知识\JavaWeb\apache-tomcat-9.0.93-windows-x64\apache-tomcat-9.0.93
08-Nov-2024 08:52:12.706 信息 [main] org.apache.catalina.startup.VersionLoggerListener.log CATALINA_HOME:     D:\Learning_Notes\Note\2_Java基础与Web知识\JavaWeb\apache-tomcat-9.0.93-windows-x64\apache-tomcat-9.0.93
08-Nov-2024 08:52:12.714 信息 [main] org.apache.catalina.startup.VersionLoggerListener.log 命令行参数：       --add-opens=java.base/java.lang=ALL-UNNAMED
08-Nov-2024 08:52:12.714 信息 [main] org.apache.catalina.startup.VersionLoggerListener.log 命令行参数：       --add-opens=java.base/java.io=ALL-UNNAMED
08-Nov-2024 08:52:12.714 信息 [main] org.apache.catalina.startup.VersionLoggerListener.log 命令行参数：       --add-opens=java.base/java.util=ALL-UNNAMED
08-Nov-2024 08:52:12.715 信息 [main] org.apache.catalina.startup.VersionLoggerListener.log 命令行参数：       --add-opens=java.base/java.util.concurrent=ALL-UNNAMED
08-Nov-2024 08:52:12.715 信息 [main] org.apache.catalina.startup.VersionLoggerListener.log 命令行参数：       --add-opens=java.rmi/sun.rmi.transport=ALL-UNNAMED
08-Nov-2024 08:52:12.715 信息 [main] org.apache.catalina.startup.VersionLoggerListener.log 命令行参数：       -Djava.util.logging.config.file=D:\Learning_Notes\Note\2_Java基础与Web知识\JavaWeb\apache-tomcat-9.0.93-windows-x64\apache-tomcat-9.0.93\conf\logging.properties
08-Nov-2024 08:52:12.715 信息 [main] org.apache.catalina.startup.VersionLoggerListener.log 命令行参数：       -Djava.util.logging.manager=org.apache.juli.ClassLoaderLogManager
08-Nov-2024 08:52:12.716 信息 [main] org.apache.catalina.startup.VersionLoggerListener.log 命令行参数：       -Djdk.tls.ephemeralDHKeySize=2048
08-Nov-2024 08:52:12.716 信息 [main] org.apache.catalina.startup.VersionLoggerListener.log 命令行参数：       -Djava.protocol.handler.pkgs=org.apache.catalina.webresources
08-Nov-2024 08:52:12.716 信息 [main] org.apache.catalina.startup.VersionLoggerListener.log 命令行参数：       -Dignore.endorsed.dirs=
08-Nov-2024 08:52:12.716 信息 [main] org.apache.catalina.startup.VersionLoggerListener.log 命令行参数：       -Dcatalina.base=D:\Learning_Notes\Note\2_Java基础与Web知识\JavaWeb\apache-tomcat-9.0.93-windows-x64\apache-tomcat-9.0.93
08-Nov-2024 08:52:12.716 信息 [main] org.apache.catalina.startup.VersionLoggerListener.log 命令行参数：       -Dcatalina.home=D:\Learning_Notes\Note\2_Java基础与Web知识\JavaWeb\apache-tomcat-9.0.93-windows-x64\apache-tomcat-9.0.93
08-Nov-2024 08:52:12.717 信息 [main] org.apache.catalina.startup.VersionLoggerListener.log 命令行参数：       -Djava.io.tmpdir=D:\Learning_Notes\Note\2_Java基础与Web知识\JavaWeb\apache-tomcat-9.0.93-windows-x64\apache-tomcat-9.0.93\temp
08-Nov-2024 08:52:12.720 信息 [main] org.apache.catalina.core.AprLifecycleListener.lifecycleEvent 使用APR版本[1.7.4]加载了基于APR的Apache Tomcat本机库[1.3.1]。
08-Nov-2024 08:52:12.720 信息 [main] org.apache.catalina.core.AprLifecycleListener.lifecycleEvent APR功能：IPv6[true]、sendfile[true]、accept filters[false]、random[true]、UDS [true]。
08-Nov-2024 08:52:12.720 信息 [main] org.apache.catalina.core.AprLifecycleListener.lifecycleEvent APR/OpenSSL配置：useAprConnector[false]，useOpenSSL[true]
08-Nov-2024 08:52:12.725 信息 [main] org.apache.catalina.core.AprLifecycleListener.initializeSSL OpenSSL成功初始化 [OpenSSL 3.0.14 4 Jun 2024]
08-Nov-2024 08:52:12.994 信息 [main] org.apache.coyote.AbstractProtocol.init 初始化协议处理器 ["http-nio-8080"]
08-Nov-2024 08:52:13.017 信息 [main] org.apache.catalina.startup.Catalina.load 服务器在[492]毫秒内初始化
08-Nov-2024 08:52:13.071 信息 [main] org.apache.catalina.core.StandardService.startInternal 正在启动服务[Catalina]
08-Nov-2024 08:52:13.071 信息 [main] org.apache.catalina.core.StandardEngine.startInternal 正在启动 Servlet 引擎：[Apache Tomcat/9.0.93]
08-Nov-2024 08:52:13.078 信息 [main] org.apache.catalina.startup.HostConfig.deployDirectory 把web 应用程序部署到目录 [D:\Learning_Notes\Note\2_Java基础与Web知识\JavaWeb\apache-tomcat-9.0.93-windows-x64\apache-tomcat-9.0.93\webapps\docs]
08-Nov-2024 08:52:13.360 信息 [main] org.apache.jasper.servlet.TldScanner.scanJars 至少有一个JAR被扫描用于TLD但尚未包含TLD。 为此记录器启用调试日志记录，以获取已扫描但未在其中找到TLD的完整JAR列表。 在扫描期间跳过不需要的JAR可以缩短启动时间和JSP编译时间。
08-Nov-2024 08:52:13.404 信息 [main] org.apache.catalina.startup.HostConfig.deployDirectory Web应用程序目录[D:\Learning_Notes\Note\2_Java基础与Web知识\JavaWeb\apache-tomcat-9.0.93-windows-x64\apache-tomcat-9.0.93\webapps\docs]的部署已在[321]毫秒内完成
08-Nov-2024 08:52:13.404 信息 [main] org.apache.catalina.startup.HostConfig.deployDirectory 把web 应用程序部署到目录 [D:\Learning_Notes\Note\2_Java基础与Web知识\JavaWeb\apache-tomcat-9.0.93-windows-x64\apache-tomcat-9.0.93\webapps\examples]
08-Nov-2024 08:52:13.672 信息 [main] org.apache.jasper.servlet.TldScanner.scanJars 至少有一个JAR被扫描用于TLD但尚未包含TLD。 为此记录器启用调试日志记录，以获取已扫描但未在其中找到TLD的完整JAR列表。 在扫描期间跳过不需要的JAR可以缩短启动时间和JSP编译时间。
08-Nov-2024 08:52:13.754 信息 [main] org.apache.catalina.startup.HostConfig.deployDirectory Web应用程序目录[D:\Learning_Notes\Note\2_Java基础与Web知识\JavaWeb\apache-tomcat-9.0.93-windows-x64\apache-tomcat-9.0.93\webapps\examples]的部署已在[350]毫秒内完成
08-Nov-2024 08:52:13.755 信息 [main] org.apache.catalina.startup.HostConfig.deployDirectory 把web 应用程序部署到目录 [D:\Learning_Notes\Note\2_Java基础与Web知识\JavaWeb\apache-tomcat-9.0.93-windows-x64\apache-tomcat-9.0.93\webapps\host-manager]
08-Nov-2024 08:52:13.797 信息 [main] org.apache.jasper.servlet.TldScanner.scanJars 至少有一个JAR被扫描用于TLD但尚未包含TLD。 为此记录器启用调试日志记录，以获取已扫描但未在其中找到TLD的完整JAR列表。 在扫描期间跳过不需要的JAR可以缩短启动时间和JSP编译时间。
08-Nov-2024 08:52:13.802 信息 [main] org.apache.catalina.startup.HostConfig.deployDirectory Web应用程序目录[D:\Learning_Notes\Note\2_Java基础与Web知识\JavaWeb\apache-tomcat-9.0.93-windows-x64\apache-tomcat-9.0.93\webapps\host-manager]的部署已在[47]毫秒内完成
08-Nov-2024 08:52:13.803 信息 [main] org.apache.catalina.startup.HostConfig.deployDirectory 把web 应用程序部署到目录 [D:\Learning_Notes\Note\2_Java基础与Web知识\JavaWeb\apache-tomcat-9.0.93-windows-x64\apache-tomcat-9.0.93\webapps\manager]
08-Nov-2024 08:52:13.853 信息 [main] org.apache.jasper.servlet.TldScanner.scanJars 至少有一个JAR被扫描用于TLD但尚未包含TLD。 为此记录器启用调试日志记录，以获取已扫描但未在其中找到TLD的完整JAR列表。 在扫描期间跳过不需要的JAR可以缩短启动时间和JSP编译时间。
08-Nov-2024 08:52:13.856 信息 [main] org.apache.catalina.startup.HostConfig.deployDirectory Web应用程序目录[D:\Learning_Notes\Note\2_Java基础与Web知识\JavaWeb\apache-tomcat-9.0.93-windows-x64\apache-tomcat-9.0.93\webapps\manager]的部署已在[53]毫秒内完成
08-Nov-2024 08:52:13.857 信息 [main] org.apache.catalina.startup.HostConfig.deployDirectory 把web 应用程序部署到目录 [D:\Learning_Notes\Note\2_Java基础与Web知识\JavaWeb\apache-tomcat-9.0.93-windows-x64\apache-tomcat-9.0.93\webapps\ROOT]
08-Nov-2024 08:52:13.892 信息 [main] org.apache.jasper.servlet.TldScanner.scanJars 至少有一个JAR被扫描用于TLD但尚未包含TLD。 为此记录器启用调试日志记录，以获取已扫描但未在其中找到TLD的完整JAR列表。 在扫描期间跳过不需要的JAR可以缩短启动时间和JSP编译时间。
08-Nov-2024 08:52:13.894 信息 [main] org.apache.catalina.startup.HostConfig.deployDirectory Web应用程序目录[D:\Learning_Notes\Note\2_Java基础与Web知识\JavaWeb\apache-tomcat-9.0.93-windows-x64\apache-tomcat-9.0.93\webapps\ROOT]的部署已在[37]毫秒内完成
08-Nov-2024 08:52:13.894 信息 [main] org.apache.catalina.startup.HostConfig.deployDirectory 把web 应用程序部署到目录 [D:\Learning_Notes\Note\2_Java基础与Web知识\JavaWeb\apache-tomcat-9.0.93-windows-x64\apache-tomcat-9.0.93\webapps\ServletDemo]
08-Nov-2024 08:52:13.930 信息 [main] org.apache.jasper.servlet.TldScanner.scanJars 至少有一个JAR被扫描用于TLD但尚未包含TLD。 为此记录器启用调试日志记录，以获取已扫描但未在其中找到TLD的完整JAR列表。 在扫描期间跳过不需要的JAR可以缩短启动时间和JSP编译时间。
08-Nov-2024 08:52:13.937 信息 [main] org.apache.catalina.startup.HostConfig.deployDirectory Web应用程序目录[D:\Learning_Notes\Note\2_Java基础与Web知识\JavaWeb\apache-tomcat-9.0.93-windows-x64\apache-tomcat-9.0.93\webapps\ServletDemo]的部署已在[43]毫秒内完成
08-Nov-2024 08:52:13.943 信息 [main] org.apache.coyote.AbstractProtocol.start 开始协议处理句柄["http-nio-8080"]
08-Nov-2024 08:52:13.962 信息 [main] org.apache.catalina.startup.Catalina.start [944]毫秒后服务器启动
