06-Nov-2024 10:17:41.438 信息 [main] org.apache.catalina.startup.VersionLoggerListener.log Server.服务器版本: Apache Tomcat/9.0.93
06-Nov-2024 10:17:41.443 信息 [main] org.apache.catalina.startup.VersionLoggerListener.log 服务器构建:        Aug 2 2024 21:24:59 UTC
06-Nov-2024 10:17:41.443 信息 [main] org.apache.catalina.startup.VersionLoggerListener.log 服务器版本号:      9.0.93.0
06-Nov-2024 10:17:41.443 信息 [main] org.apache.catalina.startup.VersionLoggerListener.log 操作系统名称:      Windows 11
06-Nov-2024 10:17:41.443 信息 [main] org.apache.catalina.startup.VersionLoggerListener.log OS.版本:           10.0
06-Nov-2024 10:17:41.443 信息 [main] org.apache.catalina.startup.VersionLoggerListener.log 架构:              amd64
06-Nov-2024 10:17:41.443 信息 [main] org.apache.catalina.startup.VersionLoggerListener.log Java 环境变量:     C:\Program Files\Java\jdk-21.0.5
06-Nov-2024 10:17:41.443 信息 [main] org.apache.catalina.startup.VersionLoggerListener.log Java虚拟机版本:    21.0.5-JGH+18
06-Nov-2024 10:17:41.444 信息 [main] org.apache.catalina.startup.VersionLoggerListener.log JVM.供应商:        Oracle Corporation
06-Nov-2024 10:17:41.444 信息 [main] org.apache.catalina.startup.VersionLoggerListener.log CATALINA_BASE:     D:\Learning_Notes\Note\2_Java基础与Web知识\JavaWeb\apache-tomcat-9.0.93-windows-x64\apache-tomcat-9.0.93
06-Nov-2024 10:17:41.444 信息 [main] org.apache.catalina.startup.VersionLoggerListener.log CATALINA_HOME:     D:\Learning_Notes\Note\2_Java基础与Web知识\JavaWeb\apache-tomcat-9.0.93-windows-x64\apache-tomcat-9.0.93
06-Nov-2024 10:17:41.457 信息 [main] org.apache.catalina.startup.VersionLoggerListener.log 命令行参数：       --add-opens=java.base/java.lang=ALL-UNNAMED
06-Nov-2024 10:17:41.457 信息 [main] org.apache.catalina.startup.VersionLoggerListener.log 命令行参数：       --add-opens=java.base/java.io=ALL-UNNAMED
06-Nov-2024 10:17:41.457 信息 [main] org.apache.catalina.startup.VersionLoggerListener.log 命令行参数：       --add-opens=java.base/java.util=ALL-UNNAMED
06-Nov-2024 10:17:41.458 信息 [main] org.apache.catalina.startup.VersionLoggerListener.log 命令行参数：       --add-opens=java.base/java.util.concurrent=ALL-UNNAMED
06-Nov-2024 10:17:41.458 信息 [main] org.apache.catalina.startup.VersionLoggerListener.log 命令行参数：       --add-opens=java.rmi/sun.rmi.transport=ALL-UNNAMED
06-Nov-2024 10:17:41.458 信息 [main] org.apache.catalina.startup.VersionLoggerListener.log 命令行参数：       -Djava.util.logging.config.file=D:\Learning_Notes\Note\2_Java基础与Web知识\JavaWeb\apache-tomcat-9.0.93-windows-x64\apache-tomcat-9.0.93\conf\logging.properties
06-Nov-2024 10:17:41.459 信息 [main] org.apache.catalina.startup.VersionLoggerListener.log 命令行参数：       -Djava.util.logging.manager=org.apache.juli.ClassLoaderLogManager
06-Nov-2024 10:17:41.459 信息 [main] org.apache.catalina.startup.VersionLoggerListener.log 命令行参数：       -Djdk.tls.ephemeralDHKeySize=2048
06-Nov-2024 10:17:41.459 信息 [main] org.apache.catalina.startup.VersionLoggerListener.log 命令行参数：       -Djava.protocol.handler.pkgs=org.apache.catalina.webresources
06-Nov-2024 10:17:41.459 信息 [main] org.apache.catalina.startup.VersionLoggerListener.log 命令行参数：       -Dignore.endorsed.dirs=
06-Nov-2024 10:17:41.459 信息 [main] org.apache.catalina.startup.VersionLoggerListener.log 命令行参数：       -Dcatalina.base=D:\Learning_Notes\Note\2_Java基础与Web知识\JavaWeb\apache-tomcat-9.0.93-windows-x64\apache-tomcat-9.0.93
06-Nov-2024 10:17:41.459 信息 [main] org.apache.catalina.startup.VersionLoggerListener.log 命令行参数：       -Dcatalina.home=D:\Learning_Notes\Note\2_Java基础与Web知识\JavaWeb\apache-tomcat-9.0.93-windows-x64\apache-tomcat-9.0.93
06-Nov-2024 10:17:41.459 信息 [main] org.apache.catalina.startup.VersionLoggerListener.log 命令行参数：       -Djava.io.tmpdir=D:\Learning_Notes\Note\2_Java基础与Web知识\JavaWeb\apache-tomcat-9.0.93-windows-x64\apache-tomcat-9.0.93\temp
06-Nov-2024 10:17:41.566 信息 [main] org.apache.catalina.core.AprLifecycleListener.lifecycleEvent 使用APR版本[1.7.4]加载了基于APR的Apache Tomcat本机库[1.3.1]。
06-Nov-2024 10:17:41.566 信息 [main] org.apache.catalina.core.AprLifecycleListener.lifecycleEvent APR功能：IPv6[true]、sendfile[true]、accept filters[false]、random[true]、UDS [true]。
06-Nov-2024 10:17:41.567 信息 [main] org.apache.catalina.core.AprLifecycleListener.lifecycleEvent APR/OpenSSL配置：useAprConnector[false]，useOpenSSL[true]
06-Nov-2024 10:17:41.579 信息 [main] org.apache.catalina.core.AprLifecycleListener.initializeSSL OpenSSL成功初始化 [OpenSSL 3.0.14 4 Jun 2024]
06-Nov-2024 10:17:41.839 信息 [main] org.apache.coyote.AbstractProtocol.init 初始化协议处理器 ["http-nio-8080"]
06-Nov-2024 10:17:41.864 信息 [main] org.apache.catalina.startup.Catalina.load 服务器在[632]毫秒内初始化
06-Nov-2024 10:17:41.916 信息 [main] org.apache.catalina.core.StandardService.startInternal 正在启动服务[Catalina]
06-Nov-2024 10:17:41.916 信息 [main] org.apache.catalina.core.StandardEngine.startInternal 正在启动 Servlet 引擎：[Apache Tomcat/9.0.93]
06-Nov-2024 10:17:41.922 信息 [main] org.apache.catalina.startup.HostConfig.deployDirectory 把web 应用程序部署到目录 [D:\Learning_Notes\Note\2_Java基础与Web知识\JavaWeb\apache-tomcat-9.0.93-windows-x64\apache-tomcat-9.0.93\webapps\docs]
06-Nov-2024 10:17:42.236 信息 [main] org.apache.jasper.servlet.TldScanner.scanJars 至少有一个JAR被扫描用于TLD但尚未包含TLD。 为此记录器启用调试日志记录，以获取已扫描但未在其中找到TLD的完整JAR列表。 在扫描期间跳过不需要的JAR可以缩短启动时间和JSP编译时间。
06-Nov-2024 10:17:42.288 信息 [main] org.apache.catalina.startup.HostConfig.deployDirectory Web应用程序目录[D:\Learning_Notes\Note\2_Java基础与Web知识\JavaWeb\apache-tomcat-9.0.93-windows-x64\apache-tomcat-9.0.93\webapps\docs]的部署已在[361]毫秒内完成
06-Nov-2024 10:17:42.288 信息 [main] org.apache.catalina.startup.HostConfig.deployDirectory 把web 应用程序部署到目录 [D:\Learning_Notes\Note\2_Java基础与Web知识\JavaWeb\apache-tomcat-9.0.93-windows-x64\apache-tomcat-9.0.93\webapps\examples]
06-Nov-2024 10:17:42.770 信息 [main] org.apache.jasper.servlet.TldScanner.scanJars 至少有一个JAR被扫描用于TLD但尚未包含TLD。 为此记录器启用调试日志记录，以获取已扫描但未在其中找到TLD的完整JAR列表。 在扫描期间跳过不需要的JAR可以缩短启动时间和JSP编译时间。
06-Nov-2024 10:17:42.820 信息 [main] org.apache.catalina.startup.HostConfig.deployDirectory Web应用程序目录[D:\Learning_Notes\Note\2_Java基础与Web知识\JavaWeb\apache-tomcat-9.0.93-windows-x64\apache-tomcat-9.0.93\webapps\examples]的部署已在[532]毫秒内完成
06-Nov-2024 10:17:42.821 信息 [main] org.apache.catalina.startup.HostConfig.deployDirectory 把web 应用程序部署到目录 [D:\Learning_Notes\Note\2_Java基础与Web知识\JavaWeb\apache-tomcat-9.0.93-windows-x64\apache-tomcat-9.0.93\webapps\host-manager]
06-Nov-2024 10:17:42.867 信息 [main] org.apache.jasper.servlet.TldScanner.scanJars 至少有一个JAR被扫描用于TLD但尚未包含TLD。 为此记录器启用调试日志记录，以获取已扫描但未在其中找到TLD的完整JAR列表。 在扫描期间跳过不需要的JAR可以缩短启动时间和JSP编译时间。
06-Nov-2024 10:17:42.873 信息 [main] org.apache.catalina.startup.HostConfig.deployDirectory Web应用程序目录[D:\Learning_Notes\Note\2_Java基础与Web知识\JavaWeb\apache-tomcat-9.0.93-windows-x64\apache-tomcat-9.0.93\webapps\host-manager]的部署已在[52]毫秒内完成
06-Nov-2024 10:17:42.874 信息 [main] org.apache.catalina.startup.HostConfig.deployDirectory 把web 应用程序部署到目录 [D:\Learning_Notes\Note\2_Java基础与Web知识\JavaWeb\apache-tomcat-9.0.93-windows-x64\apache-tomcat-9.0.93\webapps\manager]
06-Nov-2024 10:17:42.913 信息 [main] org.apache.jasper.servlet.TldScanner.scanJars 至少有一个JAR被扫描用于TLD但尚未包含TLD。 为此记录器启用调试日志记录，以获取已扫描但未在其中找到TLD的完整JAR列表。 在扫描期间跳过不需要的JAR可以缩短启动时间和JSP编译时间。
06-Nov-2024 10:17:42.916 信息 [main] org.apache.catalina.startup.HostConfig.deployDirectory Web应用程序目录[D:\Learning_Notes\Note\2_Java基础与Web知识\JavaWeb\apache-tomcat-9.0.93-windows-x64\apache-tomcat-9.0.93\webapps\manager]的部署已在[42]毫秒内完成
06-Nov-2024 10:17:42.917 信息 [main] org.apache.catalina.startup.HostConfig.deployDirectory 把web 应用程序部署到目录 [D:\Learning_Notes\Note\2_Java基础与Web知识\JavaWeb\apache-tomcat-9.0.93-windows-x64\apache-tomcat-9.0.93\webapps\ROOT]
06-Nov-2024 10:17:42.949 信息 [main] org.apache.jasper.servlet.TldScanner.scanJars 至少有一个JAR被扫描用于TLD但尚未包含TLD。 为此记录器启用调试日志记录，以获取已扫描但未在其中找到TLD的完整JAR列表。 在扫描期间跳过不需要的JAR可以缩短启动时间和JSP编译时间。
06-Nov-2024 10:17:42.951 信息 [main] org.apache.catalina.startup.HostConfig.deployDirectory Web应用程序目录[D:\Learning_Notes\Note\2_Java基础与Web知识\JavaWeb\apache-tomcat-9.0.93-windows-x64\apache-tomcat-9.0.93\webapps\ROOT]的部署已在[35]毫秒内完成
06-Nov-2024 10:17:42.956 信息 [main] org.apache.coyote.AbstractProtocol.start 开始协议处理句柄["http-nio-8080"]
06-Nov-2024 10:17:42.979 信息 [main] org.apache.catalina.startup.Catalina.start [1113]毫秒后服务器启动
06-Nov-2024 10:20:30.892 警告 [main] org.apache.catalina.core.StandardServer.await 收到无效的关闭命令[]
06-Nov-2024 10:21:02.639 信息 [main] org.apache.catalina.core.StandardServer.await 通过关闭端口接收到有效的关闭命令。正在停止服务器实例。
06-Nov-2024 10:21:02.640 信息 [main] org.apache.coyote.AbstractProtocol.pause 暂停ProtocolHandler["http-nio-8080"]
06-Nov-2024 10:21:02.645 信息 [main] org.apache.catalina.core.StandardService.stopInternal 正在停止服务[Catalina]
06-Nov-2024 10:21:02.672 信息 [main] org.apache.coyote.AbstractProtocol.stop 正在停止ProtocolHandler ["http-nio-8080"]
06-Nov-2024 10:21:02.685 信息 [main] org.apache.coyote.AbstractProtocol.destroy 正在摧毁协议处理器 ["http-nio-8080"]
